[    0.000000] Initiaizg cgrupubys cpuset
[   .00000] Iitliing cgousubsys cu[    .000] Initiling cgroup sbsy cpucc
[    0.0000] Linux vesi 4.4.0-119-generic (buildd@lcy01-amd64-013) (gcc version 5.4.0 20160609 (Ubuntu 5.4.0-6ubuntu1~16.04.9) ) #143-Ubuntu SMP Mon Apr 2 16:08:24 UTC 2018 (Ubuntu 4.4.0-119.143-generic 4.4.114)
[    0.000000] Command line: BOOT_IMAGE=/boot/vmlinuz-4.4.0-119-generic root=UUID=bca2de6e-f774-4203-ae05-e8deeb05f64a ro console=tty1 console=ttyS0
[    0.000000] KERNEL supported cpus:
[    0.000000]   Intel GenuineIntel
[    0.000000]   AMD AuthenticAMD
[    0.000000]   Centaur CentaurHauls
[    0.000000] x86/fpu: xstate_offset[2]:  576, xstate_sizes[2]: 2
[   .0000] 6/u: Spprting XSAVEfeur 0x01: 'x87flating pinregisters'
[    0.000000] x86/fpu: Sppting XSAVE feature 0x02: 'SSE registers'
[    0.000000] x86/fpu: SuporngXSAVE feaur 0x: VX registers'
[   0.0000x86/fu: Eabdd xstae atres 0x7, onextsizeis 832 bytes, using 'standard' format.
[    0.00000]x86/fpu: Using 'lazy' FPU onxt switches.
[   0.0000] e80:IOS-provdephsicaRAmap:
[    000000 BS-820: [emx000000000000-0x000000009fbff] usable
[    0.000000] BIS-20 [mem0x0000000fc-0x0000000009fff]esrvd    0.0000]BIS-820: [mem 0x000000000000-0x00000000000fffff] reserved
[    0.00000]BIS-820: [mem x000000000000-0x000000003ffffff] usable[    0.000000] BIOS-e820: [mem 0x000003fff0000-0x000000003ffffffACPI data
[    0.000000] BIOS-e820: [mem 0x00000000fec00000-0x00000000fec00fff] reserved
[    0.000000] BIOS-e820: [mem 0x00000000fee000-0x00000000fee00fff] reserved
[    0.000000] BIOS-e820: [memx0000000fc000-0x00000ffffffff] reservd
[    0.00000 N(Execute isle) protection:activ
[    0.000000] SBI 25 present.
[   .000] Hypervisor detected: KVM
[    0.000000] e820: lstpfn= 3ff0 ma_ah_fn 0x00000
   0.000000] MTR: isaed
[    0000] x/P: MTRR disabld, skiping PAT intialization too.[    0000000] CU MTRRs all blank - viruaizd system
[    0.000000] x86/PAT: Configuration [0-7]: WB  WT  UC- UC  WB  WT  UC- UC  
[    0.000000] found SMP MP-table at [mem 0x0009fff0-0x0009ffff] mappe at ff880000ff]
[   0.0000] cain 1 arasor lomery corruption
[    0.00000RAMDISK: [em0x36202000-0370fff
[    .0000 ACPI:Eay tab cecksum eriction dsaed
[    000000] CPI RSDP 0x00000000E00 0024 (v2 OX  )
  0.0000ACI: XST 0000003F030 00003C (v01VBOX   VBOXXSDT 00000001 ASL  00000061)
[    0.000000 AI:FAP 0000000FFFF000 000F4 (04BOX  BOACP 0000001 L  00000)
[   00000] APIDST 0x000003FFF040 02FF (v02 BOX  VOXIO00000 IL 20100528)
[   .00000]CPI: FACS 0x00000003FF02 00040
[    .00000] ACPI:FACS 0x000000FF0200 000040
[    0.000000] ACPI: PI0x00000FF0240 00005C (v02 VOX   VBOXAPIC 00000001 ASL  00000061)
[    0.000000] ACPI: SSDT 0x000000003FFF02A0 0001CC (v01 VBOX   VBOXCPUT 00000002 INTL 20100528)
[    0.000000] No NUMA configuration found
[    0.000000] Faking a node at [mem 0x0000000000000000-0x000000003ffeffff]
[    0.000000] NODE_DAA(0) allocated me 0x3ffeb000-0x3ffeffff]
[    0.000000kvclock:Usg mss 4b56d0 and b54d0
[   0.00000 k-cock: cpu 0,msr 0:3fe01, primar cu loc
[   0.000000] km-clk:usingscd ffset of 395854520 cycles
[    0.000000] clocksource: kv-cck: mask 0ffffffffffffffff mx_cles: 1c2e4dff, x_idle_ns 859059148 n
[   .000000 Zon rnge:    00000   DA   [mem0x0000000001000-0x000000000fffff]
[    0.00000] DA32   em0x0000000010000x0000003efff]
[  00000  Normal   empy
[   0.00000]   Dic  empty
[    0.00000] Movable zone stat or eac ne
[  0000000] Early memoryno rngs    .000]   ne   0 [emx000000000001000-0000000000009efff]
[    0.000000] noe   : em0x0000000100000-x0000003feff]
  0.0000] item setup node 0 [mm 000000000000-0x00000003fffff]
[    0.0000] ACP PTimer IO Por: 0x4008
[    0.000000] OAPIC[0: apic_i 2versin 2, adrs 0xfe000, GS 0-23
[    .000000] ACPI:NTSRCVRbus 0 bs_q 0 gbairq 2 dfl dfl
    0.000000 AI:INTRCVR (bus 0 bus_irq 9 global_irq  lw lel)
[    0.00000] sing ACPI (MADT) for SMP configuration inforatio
[    0.0000 smpboot: loing CPs, 0 hotpugCPUs[  0.000000] M:Registered nsae emy:[mem 0x000000-00000ff
    .000000] PM: Registerenoave mmory [m 0x00000-0x009ff]
[    0.000000] PM: Registered nosave memory: [mem 0x000a000-0000effff]
[   .000000] PM: Rgiterednovememory: [mem 00f0000-0x00fffff]
[    0.000000]e8: [mem 0x40000000-0xfebfffff] available for PCI devices
[    0.000000] Booting paravirtualized kernel on KVM
[    00000 clocsource: refined-jiffies: mask: 0xffffffff max_cycles: 0xffffffff, max_idle_ns: 7645519600211568 ns
[    0.000000] setup_percpu: NR_CPUS:512 nr_cpumask_bits:512 nr_cpu_ids:2 nr_node_ids:1
[    0.000000] PERCPU: Embedded 34 pages/cpu @ffff88003fc00000 s99544 r8192 d31528 u1048576
[    0.000000] PV qspinlock hash table entries: 256 (order: 0, 4096 bytes)
[    0.000000] Built 1 zonelists in Node order, mobility groupin on.  Tota pges: 257912
[   0.0000] olcyon: DMA32[  0.00000Kenel command line: BOOT_IMAGE=/boot/vmlinuz-4.4.0-119-generic root=UUID=bca2de6e-f774-4203-ae05-e8deeb05f64a ro console=tty1 console=ttyS0
[    0.000000] PID hash table entries: 4096 (order: 3, 32768 bytes)
[  0.00000] mory: 99720K04120K aavaibl (8532K kernel code, 1313K rwdata, 3996K rodata, 1508K init, 1316K bss, 50920K reserved, 0K cma-reserved)
[    0.000000] SLUB: HWalign=64, Order=0-3, MinObjects=0, CPUs=2, Nodes=1
[    0.000000] Kernel/User page tables isolation: enabled
[    0.000000] Hierarchical RCU implemntion.
[    00000] 	Build-time adjustment of leaf fanout to 64.
[    0.000000] 	CUestricting CPUs from NR_CPUS=512 tonrpu_ids=2.
[   0.00000] RCU: Adjusting geometry for rcu_fanout_leaf=64, nr_cpu_ids=2
[    0.000000] NR_IRQS:33024 nr_irqs:440 16
[    0.000000] Console: colour VGA+ 80x25
[    0.000000] console [tty1] enabled
[  0.000000] console [ttyS0] enabd
[    0.000000] tsc: Detected 2699.998 MHz processor
[   15.190594] Calibrating delay loop (skipped) preset value.. 5399.99 BogoMIPS (lpj=10799992)
[   15.247994] pid_max: default: 32768 minimum: 301
[   15.266366] ACPI: Core revision 20150930
[   15.268608] ACPI: 2 ACPI AML tables successfully acquired and loaded
[   15.271540] Security Framework initialized
[   15.272978] Yama: becoming mindful.
[   15.274281] AppArmor: AppArmor initialized
[   15.275788] Dentry cache hash table entries: 131072 (order: 8, 1048576 bytes)
[   15.280050] Inode-cache hash table entries: 65536 (order: 7, 524288 bytes)
[   15.398003] Mount-cache hash table entries: 2048 (order: 2, 16384 bytes)
[   15.463667] Mountpoint-cache hash table entries: 2048 (order: 2, 16384 bytes)
[   15.466151] Initializing cgroup subsys io
[   15.526559] Initializing cgroup subsys memory
[   15.607832] Initializing cgroup subsys devices
[   15.666294] Initializing cgroup subsys freezer
[   15.720585] Initializing cgroup subsys net_cls
[   15.722169] Initializing cgroup subsys perf_event
[   15.787754] Initializing cgroup subsys net_prio
[   15.867605] Initializing cgroup subsys hugetlb
[   15.934859] Initializing cgroup subsys pids
[   16.007892] CPU: Physical Processor ID: 0
[   16.038458] CPU: Processor Core ID: 0
[   16.088122] FEATURE SPEC_CTRL Not Present
[   16.148975] mce: CPU supports 0 MCE banks
[   16.186911] Last level iTLB entries: 4KB 64, 2MB 8, 4MB 8
[   16.232988] Last level dTLB entries: 4KB 64, 2MB 0, 4MB 0, 1GB 4
[   16.235036] Spectre V2 mitigation: Mitigation: Full generic retpoline
[   16.237168] Spectre V2 mitigation: Speculation control IBPB not-supported IBRS not-supported
[   16.329795] Freeing SMP alternatives memory: 32K
[   16.395789] ftrace: allocating 32195 entries in 126 pages
[   16.449153] smpboot: APIC(0) Converting physical 0 to logical package 0
[   16.571147] smpboot: Max logical packages: 1
[   16.648043] x2apic enabled
[   16.675160] Switched APIC routing to physical x2apic.
[   16.768093] ..TIMER: vector=0x30 apic1=0 pin1=2 apic2=-1 pin2=-1
[   16.974084] smpboot: CPU0: Intel(R) Core(TM) i5-5257U CPU @ 2.70GHz (family: 0x6, model: 0x3d, stepping: 0x4)
[   17.119884] Performance Events: unsupported p6 CPU model 61 no PMU driver, software events only.
[   17.246439] KVM setup paravirtual spinlock
[   17.312100] x86: Booting SMP configuratiin:
[   17.363894] .... node  #0, CPUs:      #1
[   17.382273] kvm-clock: cpu 1, msr 0:3ffe3041, secondary cpu clock
[   17.407798] mce: CPU supports 0 MCE banks
[   17.430637] x86: Booted up 1 node, 2 CPUs
[   17.477754] smpboot: Total of 2 processors activated (10799.99 BogoMIPS)
[   17.547539] devtmpfs: initialized
[   17.556440] evm: security.selinux
[   17.563362] evm: security.SMACK64
[   17.598282] evm: security.SMACK64EXEC
[   17.628595] evm: security.SMACK64TRANSMUTE
[   17.668240] evm: security.SMACK64MMAP
[   17.710900] evm: security.ima
[   17.734366] evm: security.capability
[   17.783979] clocksource: jiffies: mask: 0xffffffff max_cycles: 0xffffffff, max_idle_ns: 7645041785100000 ns
[   17.855870] futex hash table entries: 512 (order: 3, 32768 bytes)
[   17.919802] pinctrl core: initialized pinctrl subsystem
[   17.977130] RTC time: 22:03:15, date: 04/11/18
[   18.017649] NET: Registered protocol family 16
[   18.074444] cpuidle: using governor ladder
[   18.110183] cpuidle: using governor menu
[   18.128535] PCCT header not found.
[   18.129894] ACPI: bus type PCI registered
[   18.131346] acpiphp: ACPI Hot Plug PCI Controller Driver version: 0.5
[   18.133592] PCI: Using configuration type 1 for base access
[   18.146894] ACPI: Added _OSI(Module Device)
[   18.186092] ACPI: Added _OSI(Processor Device)
[   18.233100] ACPI: Added _OSI(3.0 _SCP Extensions)
[   18.271459] ACPI: Added _OSI(Processor Aggregator Device)
[   18.328193] ACPI: Executed 1 blocks of module-level executable AML code
[   18.376429] ACPI: Interpreter enabled
[   18.416959] ACPI: (supports S0 S5)
[   18.428508] ACPI: Using IOAPIC for interrupt routing
[   18.466372] PCI: Using host bridge windows from ACPI; if necessary, use "pci=nocrs" and report a bug
[   18.479292] ACPI: PCI Root Bridge [PCI0] (domain 0000 [bus 00-ff])
[   18.497569] acpi PNP0A03:00: _OSC: OS supports [ASPM ClockPM Segments MSI]
[   18.507936] acpi PNP0A03:00: _OSC: not requesting OS control; OS requires [ExtendedConfig ASPM ClockPM MSI]
[   18.521314] acpi PNP0A03:00: fail to add MMCONFIG information, can't access extended PCI configuration space under this bridge.
[   18.540077] PCI host bridge to bus 0000:00
[   18.547411] pci_bus 0000:00: root bus resource [io  0x0000-0x0cf7 window]
[   18.566511] pci_bus 0000:00: root bus resource [io  0x0d00-0xffff window]
[   18.571214] pci_bus 0000:00: root bus resource [mem 0x000a0000-0x000bffff window]
[   18.573835] pci_bus 0000:00: root bus resource [mem 0x40000000-0xfdffffff window]
[   18.621890] pci_bus 0000:00: root bus resource [bus 00-ff]
[   18.627600] pci 0000:00:01.1: legacy IDE quirk: reg 0x10: [io  0x01f0-0x01f7]
[   18.629976] pci 0000:00:01.1: legacy IDE quirk: reg 0x14: [io  0x03f6]
[   18.632170] pci 0000:00:01.1: legacy IDE quirk: reg 0x18: [io  0x0170-0x0177]
[   18.643575] pci 0000:00:01.1: legacy IDE quirk: reg 0x1c: [io  0x0376]
[   18.694333] pci 0000:00:07.0: quirk: [io  0x4000-0x403f] claimed by PIIX4 ACPI
[   18.770376] pci 0000:00:07.0: quirk: [io  0x4100-0x410f] claimed by PIIX4 SMB
[   18.841214] ACPI: PCI Interrupt Link [LNKA] (IRQs 5 9 10 *11)
[   18.907820] ACPI: PCI Interrupt Link [LNKB] (IRQs 5 9 *10 11)
[   18.967177] ACPI: PCI Interrupt Link [LNKC] (IRQs 5 *9 10 11)
[   19.034629] ACPI: PCI Interrupt Link [LNKD] (IRQs 5 9 10 *11)
[   19.078043] ACPI: Enabled 2 GPEs in block 00 to 07
[   19.127344] vgaarb: setting as boot device: PCI:0000:00:02.0
[   19.181482] vgaarb: device added: PCI:0000:00:02.0,decodes=io+mem,owns=io+mem,locks=none
[   19.250140] vgaarb: loaded
[   19.278500] vgaarb: bridge control possible 0000:00:02.0
[   19.334976] SCSI subsystem initialized
[   19.365842] ACPI: bus type USB registered
[   19.414839] usbcore: registered new interface driver usbfs
[   19.470947] usbcore: registered new interface driver hub
[   19.511911] usbcore: registered new device driver usb
[   19.556618] PCI: Using ACPI for IRQ routing
[   19.591487] NetLabel: Initializing
[   19.603841] NetLabel:  domain hash size = 128
[   19.633558] NetLabel:  protocols = UNLABELED CIPSOv4
[   19.659428] NetLabel:  unlabeled traffic allowed by default
[   19.725733] amd_nb: Cannot enumerate AMD northbridges
[   19.749162] clocksource: Switched to clocksource kvm-clock
[   197606 AArr:ppArmor Filesst Ebl
  20973]pn P AI it[ 208487]pn: PP PI fnd dices
[   21.062953] clocksource: acpi_pm: mask: 0xffffff max_cycles: 0xffffff, max_idle_ns: 2085701024 ns
[   21.228179] NET: Registered protocol family 2
[   21.330260] TCP established hash table entries: 8192 (order: 4, 65536 bytes)
[   21.590089] TCP bind hash table entries: 8192 (order: 5, 131072 bytes)
[   21.698590] TCP: Hash tables configured (established 8192 bind 8192)
[   21.749971] UDP hash table entries: 512 (order: 2, 16384 bytes)
[   21.751942] UDP-Lite hash table entries: 512 (order: 2, 16384 bytes)
[   21.754107] NET: Registered protocol family 1
[   21.755640] pci 0000:00:00.0: Limiting direct PCI/PCI transfers
[   21.758370] pci 0000:00:01.0: Activating ISA DMA hang workarounds
[   21.760024] Unpacking initramfs...
[   22.053018] Freeing initrd memory: 15324K
[   22.087875] RAPL PMU detected, API unit is 2^-32 Joules, 4 fixed counters 10737418240 ms ovfl timer
[   22.154221] hw unit of domain pp0-core 2^-0 Joules
[   22.214091] hw unit of domain package 2^-0 Joules
[   22.265672] hw unit of domain dram 2^-0 Joules
[   22.333731] hw unit of domain pp1-gpu 2^-0 Joules
[   22.393954] platform rtc_cmos: registered platform RTC device (no PNP device found)
[   22.719214] Scanning for low memory corruption every 60 seconds
[   22.920617] audit: initializing netlink subsys (disabled)
[   22.955814] audit: type=2000 audit(1523484187.041:1): initialized
[   22.965554] Initialise system trusted keyring
[   22.978340] HugeTLB registered 2 MB page size, pre-allocated 0 pages
[   22.995463] zbud: loaded
[   23.000877] VFS: Disk quotas dquot_6.6.0
[   23.025448] VFS: Dquot-cache hash table entries: 512 (order 0, 4096 bytes)
[   23.090507] squashfs: version 4.0 (2009/01/31) Phillip Lougher
[   23.099108] fuse init (API version 7.23)
[   23.100629] Key type big_key registered
[   23.102037] Allocating IMA MOK and blacklist keyrings.
[   23.105724] Key type asymmetric registered
[   23.137020] Asymmetric key parser 'x509' registered
[   23.209460] Block layer SCSI generic (bsg) driver version 0.4 loaded (major 249)
[   23.324125] io scheduler noop registered
[   23.392179] io scheduler deadline registered (default)
[   23.559487] tsc: Refined TSC clocksource calibration: 2698.776 MHz
[   23.699045] clocksource: tsc: mask: 0xffffffffffffffff max_cycles: 0x26e6ba0aa28, max_idle_ns: 440795233707 ns
[   23.699193] io scheduler cfq registered
[   23.699334] pci_hotplug: PCI Hot Plug PCI Core version: 0.5
[   23.699339] pciehp: PCI Express Hot Plug Controller Driver version: 0.4
[   23.699709] ACPI: AC Adapter [AC] (on-line)
[   23.699760] input: Power Button as /devices/LNXSYSTM:00/LNXPWRBN:00/input/input0
[   23.699763] ACPI: Power Button [PWRF]
[   23.699850] input: Sleep Button as /devices/LNXSYSTM:00/LNXSLPBN:00/input/input1
[   23.699852] ACPI: Sleep Button [SLPF]
[   23.701105] ACPI: Battery Slot [BAT0] (battery present)
[   23.701139] GHES: HEST is not enabled!
[   23.761673] Serial: 8250/16550 driver, 32 ports, IRQ sharing enabled
[   23.943369] 00:02: ttyS0 at I/O 0x3f8 (irq = 4, base_baud = 115200) is a 16550A
[   24.018601] Linux agpgart interface v0.103
[   24.036679] loop: module loaded
[   24.037624] scsi host0: ata_piix
[   24.037683] scsi host1: ata_piix
[   24.037711] ata1: PATA max UDMA/33 cmd 0x1f0 ctl 0x3f6 bmdma 0xd000 irq 14
[   24.037712] ata2: PATA max UDMA/33 cmd 0x170 ctl 0x376 bmdma 0xd008 irq 15
[   24.037807] libphy: Fixed MDIO Bus: probed
[   24.037809] tun: Universal TUN/TAP device driver, 1.6
[   24.037809] tun: (C) 1999-2004 Max Krasnyansky <maxk@qualcomm.com>
[   24.038234] PPP generic driver version 2.4.2
[   24.038295] ehci_hcd: USB 2.0 'Enhanced' Host Controller (EHCI) Driver
[   24.038300] ehci-pci: EHCI PCI platform driver
[   24.038317] ehci-platform: EHCI generic platform driver
[   24.038324] ohci_hcd: USB 1.1 'Open' Host Controller (OHCI) Driver
[   24.038327] ohci-pci: OHCI PCI platform driver
[   24.038334] ohci-platform: OHCI generic platform driver
[   24.038341] uhci_hcd: USB Universal Host Controller Interface driver
[   24.038394] i8042: PNP: PS/2 Controller [PNP0303:PS2K,PNP0f03:PS2M] at 0x60,0x64 irq 1,12
[   24.038963] serio: i8042 KBD port at 0x60,0x64 irq 1
[   24.038969] serio: i8042 AUX port at 0x60,0x64 irq 12
[   24.039086] mousedev: PS/2 mouse device common for all mice
[   24.039725] input: AT Translated Set 2 keyboard as /devices/platform/i8042/serio0/input/input2
[   24.040236] rtc_cmos rtc_cmos: rtc core: registered rtc_cmos as rtc0
[   24.040315] rtc_cmos rtc_cmos: alarms up to one day, 114 bytes nvram
[   24.040329] i2c /dev entries driver
[   24.040405] device-mapper: uevent: version 1.0.3
[   24.040489] device-mapper: ioctl: 4.34.0-ioctl (2015-10-28) initialised: dm-devel@redhat.com
[   24.040515] ledtrig-cpu: registered to indicate activity on CPUs
[   24.041403] NET: Registered protocol family 10
[   24.041650] NET: Registered protocol family 17
[   24.041665] Key type dns_resolver registered
[   24.041976] registered taskstats version 1
[   24.041992] Loading compiled-in X.509 certificates
[   24.042801] Loaded X.509 cert 'Build time autogenerated kernel key: f854e06633b5f496ced5b2e02c7b14f761b69302'
[   24.042830] zswap: loaded using pool lzo/zbud
[   24.044722] Key type trusted registered
[   24.048528] Key type encrypted registered
[   24.048536] AppArmor: AppArmor sha1 policy hashing enabled
[   24.048540] ima: No TPM chip found, activating TPM-bypass!
[   24.048565] evm: HMAC attrs: 0x1
[   24.049037]   Magic number: 14:660:97
[   24.049778] rtc_cmos rtc_cmos: setting system clock to 2018-04-11 22:03:22 UTC (1523484202)
[   24.049887] BIOS EDD facility v0.16 2004-Jun-25, 0 devices found
[   24.049888] EDD information not available.
[   26.448451] Freeing unused kernel memory: 1508K
[   27.381784] Write protecting the kernel read-only data: 14336k
[   27.415460] Freeing unused kernel memory: 1696K
[   27.436436] Freeing unused kernel memory: 100K
Loading, please wait...
starting version[   27.475838] random: udevadm: uninitialized urandom read (16 bytes read, 9 bits of entropy available)
 229
[   27.477984] random: systemd-udevd: uninitialized urandom read (16 bytes read, 9 bits of entropy available)
[   27.478554] random: systemd-udevd: uninitialized urandom read (16 bytes read, 9 bits of entropy available)
[   27.478708] random: systemd-udevd: uninitialized urandom read (16 bytes read, 9 bits of entropy available)
[   27.478729] random: systemd-udevd: uninitialized urandom read (16 bytes read, 9 bits of entropy available)
[   27.844051] random: udevadm: uninitialized urandom read (16 bytes read, 9 bits of entropy available)
[   27.917891] random: systemd-udevd: uninitialized urandom read (16 bytes read, 9 bits of entropy available)
[   27.957303] random: systemd-udevd: uninitialized urandom read (16 bytes read, 9 bits of entropy available)
[   28.218899] random: systemd-udevd: uninitialized urandom read (16 bytes read, 9 bits of entropy available)
[   28.220074] random: udevadm: uninitialized urandom read (16 bytes read, 9 bits of entropy available)
[   28.264337] e1000: Intel(R) PRO/1000 Network Driver - version 7.3.21-k8-NAPI
[   28.356094] e1000: Copyright (c) 1999-2006 Intel Corporation.
[   28.410124] Fusion MPT base driver 3.04.20
[   28.438384] Copyright (c) 1999-2008 LSI Corporation
[   28.459627] Fusion MPT SPI Host driver 3.04.20
[   28.487685] AVX2 version of gcm_enc/dec engaged.
[   28.491501] AES CTR mode by8 optimization enabled
[   28.649458] input: ImExPS/2 Generic Explorer Mouse as /devices/platform/i8042/serio1/input/input4
[   28.871857] e1000 0000:00:03.0 eth0: (PCI:33MHz:32-bit) 02:d9:fe:34:b4:72
[   28.927660] e1000 0000:00:03.0 eth0: Intel(R) PRO/1000 Network Connection
[   28.995953] e1000 0000:00:03.0 enp0s3: renamed from eth0
[   29.180619] mptbase: ioc0: Initiating bringup
[   29.308027] ioc0: LSI53C1030 A0: Capabilities={Initiator}
[   29.949831] scsi host2: ioc0: LSI53C1030 A0, FwRev=00000000h, Ports=1, MaxQ=256, IRQ=20
[   30.708603] scsi 2:0:0:0: Direct-Access     VBOX     HARDDISK         1.0  PQ: 0 ANSI: 5
[   30.750485] scsi target2:0:0: Beginning Domain Validation
[   30.763783] scsi target2:0:0: Domain Validation skipping write tests
[   30.780642] scsi target2:0:0: Ending Domain Validation
[   30.808059] scsi target2:0:0: asynchronous
[   30.818255] scsi 2:0:1:0: Direct-Access     VBOX     HARDDISK         1.0  PQ: 0 ANSI: 5
[   30.841185] scsi target2:0:1: Beginning Domain Validation
[   30.863901] scsi target2:0:1: Domain Validation skipping write tests
[   30.921119] scsi target2:0:1: Ending Domain Validation
[   30.923034] scsi target2:0:1: asynchronous
[   30.932806] sd 2:0:0:0: [sda] 20971520 512-byte logical blocks: (10.7 GB/10.0 GiB)
[   30.933069] sd 2:0:0:0: Attached scsi generic sg0 type 0
[   30.933719] sd 2:0:1:0: Attached scsi generic sg1 type 0
[   31.096786] sd 2:0:1:0: [sdb] 20480 512-byte logical blocks: (10.5 MB/10.0 MiB)
[   31.096915] sd 2:0:0:0: [sda] Write Protect is off
[   31.097051] sd 2:0:0:0: [sda] Incomplete mode parameter data
[   31.097052] sd 2:0:0:0: [sda] Assuming drive cache: write through
[   31.212657]  sda: sda1
[   31.213470] sd 2:0:0:0: [sda] Attached SCSI disk
[   31.536120] floppy0: no floppy controllers found
[   31.601441] sd 2:0:1:0: [sdb] Write Protect is off
[   31.648134] sd 2:0:1:0: [sdb] Incomplete mode parameter data
[   31.765636] sd 2:0:1:0: [sdb] Assuming drive cache: write through
[   31.846510] sd 2:0:1:0: [sdb] Attached SCSI disk
Begin: Loading e[   33.249739] md: linear personality registered for level -1
ssential drivers ... [   33.377077] md: multipath personality registered for level -4
[   33.460739] md: raid0 personality registered for level 0
[   33.524867] md: raid1 personality registered for level 1
[   33.677204] raid6: sse2x1   gen()  9706 MB/s
[   33.801606] raid6: sse2x1   xor()  7296 MB/s
[   33.906924] raid6: sse2x2   gen() 12356 MB/s
[   34.025343] raid6: sse2x2   xor()  8026 MB/s
[   34.165240] raid6: sse2x4   gen()  8376 MB/s
[   34.249176] raid6: sse2x4   xor()  8135 MB/s
[   34.329508] raid6: avx2x1   gen() 18144 MB/s
[   34.457029] raid6: avx2x2   gen() 23620 MB/s
[   34.573217] raid6: avx2x4   gen() 24613 MB/s
[   34.637378] raid6: using algorithm avx2x4 gen() 24613 MB/s
[   34.699044] raid6: using avx2x2 recovery algorithm
[   34.799381] xor: automatically using best checksumming function:
[   34.917196]    avx       : 21148.000 MB/sec
[   34.975230] async_tx: api initialized (async)
[   35.066238] md: raid6 personality registered for level 6
[   35.157948] md: raid5 personality registered for level 5
[   35.196699] md: raid4 personality registered for level 4
[   35.224462] md: raid10 personality registered for level 10
done.
Begin: Running /scripts/init-premount ... done.
Begin: Mounting root file system ... Begin: Running /scripts/lo[   35.286809] Btrfs loaded
cal-top ... done.
Begin: Running /scripts/local-premount ... Scanning for Btrfs filesystems
do[   35.351361] EXT4-fs (sda1): INFO: recovery required on readonly filesystem
ne.
Warning: fsck not present, [   35.389306] EXT4-fs (sda1): write access will be enabled during recovery
so skipping root file system
[   35.434107] EXT4-fs (sda1): orphan cleanup on readonly fs
[   35.488133] EXT4-fs (sda1): 6 orphan inodes deleted
[   35.647333] EXT4-fs (sda1): recovery complete
[   35.651129] EXT4-fs (sda1): mounted filesystem with ordered data mode. Opts: (null)
done.
Begin: Running /scripts/local-bottom ... done.
Begin: Running /scripts/init-bottom ... done.
[   36.075519] systemd[1]: systemd 229 running in system mode. (+PAM +AUDIT +SELINUX +IMA +APPARMOR +SMACK +SYSVINIT +UTMP +LIBCRYPTSETUP +GCRYPT +GNUTLS +ACL +XZ -LZ4 +SECCOMP +BLKID +ELFUTILS +KMOD -IDN)
[   36.298428] systemd[1]: Detected virtualization oracle.
[   36.349801] systemd[1]: Detected architecture x86-64.

Welcome to [1mUbuntu 16.04.4 LTS[0m!

[   36.379245] systemd[1]: Set hostname to <ubuntu-xenial>.
[   36.515874] random: nonblocking pool is initialized
[   36.713070] systemd[1]: Reached target Encrypted Volumes.
[[0;32m  OK  [0m] Reached target Encrypted Volumes.
[   36.878192] systemd[1]: Reached target System Time Synchronized.
[[0;32m  OK  [0m] Reached target System Time Synchronized.
[   37.242273] systemd[1]: Listening on /dev/initctl Compatibility Named Pipe.
[[0;32m  OK  [0m] Listening on /dev/initctl Compatibility Named Pipe.
[   37.506048] systemd[1]: Listening on Journal Audit Socket.
[[0;32m  OK  [0m] Listening on Journal Audit Socket.
[   37.529934] systemd[1]: Started Forward Password Requests to Wall Directory Watch.
[[0;32m  OK  [0m] Started Forward Password Requests to Wall Directory Watch.
[   37.634693] systemd[1]: Reached target User and Group Name Lookups.
[[0;32m  OK  [0m] Reached target User and Group Name Lookups.
[   37.875651] systemd[1]: Listening on LVM2 metadata daemon socket.
[[0;32m  OK  [0m] Listening on LVM2 metadata daemon socket.
[   37.938598] systemd[1]: Listening on Syslog Socket.
[[0;32m  OK  [0m] Listening on Syslog Socket.
[   38.170127] systemd[1]: Created slice User and Session Slice.
[[0;32m  OK  [0m] Created slice User and Session Slice.
[   38.301644] systemd[1]: Listening on LVM2 poll daemon socket.
[[0;32m  OK  [0m] Listening on LVM2 poll daemon socket.
[   38.305702] systemd[1]: Set up automount Arbitrary Executable File Formats File System Automount Point.
[[0;32m  OK  [0m] Set up automount Arbitrary Executab...ats File System Automount Point.
[   38.497935] systemd[1]: Listening on udev Control Socket.
[[0;32m  OK  [0m] Listening on udev Control Socket.
[   38.625755] systemd[1]: Listening on Journal Socket.
[[0;32m  OK  [0m] Listening on Journal Socket.
[   38.706191] systemd[1]: Listening on Journal Socket (/dev/log).
[[0;32m  OK  [0m] Listening on Journal Socket (/dev/log).
[   38.745813] systemd[1]: Started Trigger resolvconf update for networkd DNS.
[[0;32m  OK  [0m] Started Trigger resolvconf update for networkd DNS.
[   38.983626] systemd[1]: Listening on Device-mapper event daemon FIFOs.
[[0;32m  OK  [0m] Listening on Device-mapper event daemon FIFOs.
[   39.318554] systemd[1]: Created slice System Slice.
[[0;32m  OK  [0m] Created slice System Slice.
[   39.569935] systemd[1]: Starting Set console keymap...
         Starting Set console keymap...
[   39.729379] systemd[1]: Mounting POSIX Message Queue File System...
         Mounting POSIX Message Queue File System...
[   39.805714] systemd[1]: Starting Load Kernel Modules...
[   39.83027] oangSC trapo css2.87
         Startin[   40.316842] iscsi: registered transport (tcp)
g Load Kernel Modules...
[   40.404141] iscsi: registered transport (iser)
[   40.405521] systemd[1]: Starting Uncomplicated firewall...
         Starting Uncomplicated firewall...
[   40.575304] systemd[1]: Created slice system-serial\x2dgetty.slice.
[[0;32m  OK  [0m] Created slice system-serial\x2dgetty.slice.
[   40.825926] systemd[1]: Starting Journal Service...
         Starting Journal Service...
[   40.889544] systemd[1]: Starting Nameserver information manager...
         Starting Nameserver information manager...
[   41.001778] systemd[1]: Starting Create list of required static device nodes for the current kernel...
         Starting Create list of required st... nodes for the current kernel...
[   41.262027] systemd[1]: Mounting Huge Pages File System...
         Mounting Huge Pages File System...
[   41.322814] systemd[1]: Reached target Slices.
[[0;32m  OK  [0m] Reached target Slices.
[   41.577893] systemd[1]: Starting Monitoring of LVM2 mirrors, snapshots etc. using dmeventd or progress polling...
         Starting Monitoring of LVM2 mirrors... dmeventd or progress polling...
[   41.812619] systemd[1]: Listening on udev Kernel Socket.
[[0;32m  OK  [0m] Listening on udev Kernel Socket.
[   41.967665] systemd[1]: Reached target Swap.
[[0;32m  OK  [0m] Reached target Swap.
[   42.009776] systemd[1]: Mounting Debug File System...
         Mounting Debug File System...
[   42.102271] systemd[1]: Starting Remount Root and Kernel File Systems...
[   42.106450] EXT4-fs (sda1): re-mounted. Opts: (null)
         Starting Remount Root and Kernel File Systems...
[   42.350559] systemd[1]: Mounted POSIX Message Queue File System.
[[0;32m  OK  [0m] Mounted POSIX Message Queue File System.
[   42.449748] systemd[1]: Mounted Debug File System.
[[0;32m  OK  [0m] Mounted Debug File System.
[   42.489785] systemd[1]: Mounted Huge Pages File System.
[[0;32m  OK  [0m] Mounted Huge Pages File System.
[   42.538030] systemd[1]: Started Journal Service.
[[0;32m  OK  [0m] Started Journal Service.
[[0;32m  OK  [0m] Started Set console keymap.
[[0;32m  OK  [0m] Started Load Kernel Modules.
[[0;32m  OK  [0m] Started Uncomplicated firewall.
[[0;32m  OK  [0m] Started Create list of required sta...ce nodes for the current kernel.
[[0;32m  OK  [0m] Started Remount Root and Kernel File Systems.
[[0;32m  OK  [0m] Started Nameserver information manager.
[[0;32m  OK  [0m] Started LVM2 metadata daemon.
         Starting udev Coldplug all Devices...
         Starting Load/Save Random Seed...
         Starting Initial cloud-init job (pre-networking)...
         Starting Create Static Device Nodes in /dev...
         Mounting FUSE Control File System...
         Starting Apply Kernel Variables...
         Starting Flush Journal to Persistent Storage...
[[0;32m  OK  [0m] Mounted FUSE Control File System.
[[0;32m  OK  [0m] Started Monitoring of LVM2 mirrors,...ng dmeventd or progress polling.
[[0;32m  OK  [0m] Started Load/Save Random Seed.
[[0;32m  OK  [0m] Started Create Static Device Nodes in /dev.
[[0;32m  OK  [0m] Started Apply Kernel Variables.
[[0;32m  OK  [0m] Started udev Coldplug all Devices.
[[0;32m  OK  [0m] Started Flush Journal to Persistent Storage.
         Starting udev Kernel Device Manager...
[[0;32m  OK  [0m] Started udev Kernel Device Manager.
[[0;32m  OK  [0m] Reached target Local File Systems (Pre).
[[0;32m  OK  [0m] Reached target Local File Systems.
         Starting LSB: AppArmor initialization...
         Starting Set console font and keymap...
         Starting Create Volatile Files and Directories...
         Starting Tell Plymouth To Write Out Runtime Data...
[[0;32m  OK  [0m] Started Dispatch Password Requests to Console Directory Watch.
[[0;32m  OK  [0m] Started Create Volatile Files and Directories.
[[0;32m  OK  [0m] Started Tell Plymouth To Write Out Runtime Data.
[   25.599874] cloud-init[447]: Cloud-init v. 17.2 running 'init-local' at Wed, 11 Apr 2018 22:03:42 +0000. Up 25.00 seconds.
[[0;32m  OK  [0m] Started Initial cloud-init job (pre-networking).
[[0;32m  OK  [0m] Started Set console font and keymap.
[[0;32m  OK  [0m] Found device /dev/ttyS0.
[[0;32m  OK  [0m] Listening on Load/Save RF Kill Switch Status /dev/rfkill Watch.
[[0;32m  OK  [0m] Created slice system-getty.slice.
[[0;32m  OK  [0m] Reached target Network (Pre).
         Starting Update UTMP about System Boot/Shutdown...
[[0;32m  OK  [0m] Started LSB: AppArmor initialization.
         Starting Raise network interfaces...
[[0;32m  OK  [0m] Started ifup for enp0s3.
[[0;32m  OK  [0m] Started Update UTMP about System Boot/Shutdown.
[[0;32m  OK  [0m] Started Raise network interfaces.
         Starting Initial cloud-init job (metadata service crawler)...
[[0;32m  OK  [0m] Reached target Network.
[   29.099911] cloud-init[945]: Cloud-init v. 17.2 running 'init' at Wed, 11 Apr 2018 22:03:46 +0000. Up 28.71 seconds.
[   29.213108] cloud-init[945]: ci-info: +++++++++++++++++++++++++++++++++++++Net device info++++++++++++++++++++++++++++++++++++++
[[   29.213912] [0;32m  OK  [0mcloud-init] [945]: Started Initial cloud-init job (metadata service crawler).ci-info: +--------+------+----------------------------+---------------+-------+-------------------+

[   29.214363] cloud-init[945]: ci-info: | Device |  Up  |          Address           |      Mask     | Scope |     Hw-Address    |
[   29.457695] cloud-init[945]: ci-info: +--------+------+----------------------------+---------------+-------+-------------------+
[   29.458572] cloud-init[945]: ci-info: | enp0s3 | True |         10.0.2.15          | 255.255.255.0 |   .   | 02:d9:fe:34:b4:72 |
[[0;32m  OK  [0m] Reached target Network is Online.
[   29.459074] cloud-init[945]: ci-info: | enp0s3 | True | fe80::d9:feff:fe34:b472/64 |       .       |  link | 02:d9:fe:34:b4:72 |
[   29.861603] cloud-init[945]: ci-info: |   lo   | True |         127.0.0.1          |   255.0.0.0   |   .   |         .         |
[   29.862447] cloud-init[945]: ci-info: |   lo   | True |          ::1/128           |       .       |  host |         .         |
         Starting iSCSI initiator daemon (iscsid)...
[[   29.862946] cloud-init[945]: ci-info: +--------+------+----------------------------+---------------+-------+-------------------+
[   30.170814] cloud-init[945]: ci-info: +++++++++++++++++++++++++++Route IPv4 info++++++++++++++++++++++++++++
[0;32m  OK  [0m] Reached target Cloud-config availability.
[   30.171185] cloud-init[945]: ci-info: +-------+-------------+----------+---------------+-----------+-------+
[   30.423075] cloud-init[945]: ci-info: | Route | Destination | Gateway  |    Genmask    | Interface | Flags |
[[0;32m  OK  [0m] Reached target System Initialization.
[   30.423557] cloud-init[945]: ci-info: +-------+-------------+----------+---------------+-----------+-------+
[   30.572849] cloud-init[945]: ci-info: |   0   |   0.0.0.0   | 10.0.2.2 |    0.0.0.0    |   enp0s3  |   UG  |
[   30.573538] cloud-init[945]: [ci-info: |   1   |   10.0.2.0  | 0.0.0.0  | 255.255.255.0 |   enp0s3  |   U   |[0;32m  OK  [0m
] Started Timer to automatically refresh installed snaps.
         Starting Socket activation for snappy daemon.
[   30.573968] cloud-init[945]: ci-info: +-------+-------------+----------+---------------+-----------+-------+
[[0;32m  OK  [0m] Listening on UUID daemon activation socket.
[[0;32m  OK  [0m] Started ACPI Events Check.
[[0;32m  OK  [0m] Reached target Paths.
[[0;32m  OK  [0m] Started Daily apt download activities.
[[0;32m  OK  [0m] Started Daily apt upgrade and clean activities.
[[0;32m  OK  [0m] Listening on ACPID Listen Socket.
[[0;32m  OK  [0m] Started Daily Cleanup of Temporary Directories.
[[0;32m  OK  [0m] Reached target Timers.
[[0;32m  OK  [0m] Listening on D-Bus System Message Bus Socket.
         Starting LXD - unix socket.
[[0;32m  OK  [0m] Listening on Socket activation for snappy daemon.
[[0;32m  OK  [0m] Listening on LXD - unix socket.
[[0;32m  OK  [0m] Started iSCSI initiator daemon (iscsid).
         Starting Login to default iSCSI targets...
[[0;32m  OK  [0m] Reached target Sockets.
[[0;32m  OK  [0m] Reached target Basic System.
[[0;32m  OK  [0m] Started FUSE filesystem for LXC.
         Starting /etc/rc.local Compatibility...
         Starting MySQL Community Server...
         Starting LSB: Record successful boot for GRUB...
[[0;32m  OK  [0m] Started ACPI event daemon.
         Starting Accounts Service...
[[0;32m  OK  [0m] Started Unattended Upgrades Shutdown.
         Starting LXD - container startup/shutdown...
[[0;32m  OK  [0m] Started Regular background program processing daemon.
         Starting Apply the settings specified in cloud-config...
         Starting Login Service...
         Starting LSB: MD monitoring daemon...
         Starting System Logging Service...
[[0;32m  OK  [0m] Started Deferred execution scheduler.
         Starting OpenBSD Secure Shell server...
[[0;32m  OK  [0m] Started D-Bus System Message Bus.
         Starting vboxadd.service...
         Starting Snappy daemon...
[[0;32m  OK  [0m] Started System Logging Service.
[[0;32m  OK  [0m] Started OpenBSD Secure Shell server.
[[0;32m  OK  [0m] Started /etc/rc.local Compatibility.
[[0;32m  OK  [0m] Started LXD - container startup/shutdown.
[[0;32m  OK  [0m] Started Snappy daemon.
[[0;32m  OK  [0m] Started Login to default iSCSI targets.
[[0;32m  OK  [0m] Started LSB: Record successful boot for GRUB.
[[0;32m  OK  [0m] Started vboxadd.service.
[[0;32m  OK  [0m] Started LSB: MD monitoring daemon.
[[0;32m  OK  [0m] Started Login Service.
         Starting Authenticate and Authorize Users to Run Privileged Tasks...
         Starting vboxadd-service.service...
[[0;32m  OK  [0m] Reached target Remote File Systems (Pre).
[[0;32m  OK  [0m] Reached target Remote File Systems.
         Starting LSB: Apache2 web server...
         Starting Permit User Sessions...
         Starting LSB: Set the CPU Frequency Scaling governor to "ondemand"...
         Starting LSB: automatic crash report generation...
         Starting LSB: daemon to balance interrupts for SMP systems...
[[0;1;31mFAILED[0m] Failed to start vboxadd-service.service.
See 'systemctl status vboxadd-service.service' for details.
[[0;32m  OK  [0m] Started Permit User Sessions.
[[0;32m  OK  [0m] Started Authenticate and Authorize Users to Run Privileged Tasks.
[[0;32m  OK  [0m] Started Accounts Service.
         Starting Hold until boot process finishes up...
         Starting Terminate Plymouth Boot Screen...
[[0;32m  OK  [0m] Started LSB: daemon to balance interrupts for SMP systems.
[[0;32m  OK  [0m] Started Hold until boot process finishes up.
[   33.375289] [cloud-init[0;32m  OK  [0m[1038]: ] Cloud-init v. 17.2 running 'modules:config' at Wed, 11 Apr 2018 22:03:50 +0000. Up 32.95 seconds.Started Apply the settings specified in cloud-config.

[[0;32m  OK  [0m] Started Terminate Plymouth Boot Screen.
[[0;32m  OK  [0m] Created slice User Slice of vagrant.
[[0;32m  OK  [0m] Started Session 1 of user vagrant.
         Starting User Manager for UID 1000...
[[0;32m  OK  [0m] Started Serial Getty on ttyS0.
         Starting Set console scheme...
[[0;32m  OK  [0m] Started Getty on tty1.
[[0;32m  OK  [0m] Reached target Login Prompts.
[[0;32m  OK  [0m] Started User Manager for UID 1000.
[[0;32m  OK  [0m] Started LSB: Set the CPU Frequency Scaling governor to "ondemand".
[[0;32m  OK  [0m] Started LSB: automatic crash report generation.
[[0;32m  OK  [0m] Started Set console scheme.
[[0;32m  OK  [0m] Started MySQL Community Server.
[[0;32m  OK  [0m] Started LSB: Apache2 web server.
[[0;32m  OK  [0m] Reached target Multi-User System.
         Starting Execute cloud user/final scripts...
[[0;32m  OK  [0m] Reached target Graphical Interface.
         Starting Update UTMP about System Runlevel Changes...
[[0;32m  OK  [0m] Started Update UTMP about System Runlevel Changes.
[   35.220636] cloud-init[1331]: Cloud-init v. 17.2 running 'modules:final' at Wed, 11 Apr 2018 22:03:52 +0000. Up 35.04 seconds.
[   35.280750] cloud-init[1331]: Cloud-init v. 17.2 finished at Wed, 11 Apr 2018 22:03:52 +0000. Datasource DataSourceNoCloud [seed=/dev/sdb][dsmode=net].  Up 35.21 seconds
[[0;32m  OK  [0m] Started Execute cloud user/final scripts.
         Starting Daily apt download activities...
[[0;32m  OK  [0m] Reached target Cloud-init target.
         Stopping User Manager for UID 1000...
[[0;32m  OK  [0m] Stopped User Manager for UID 1000.
[[0;32m  OK  [0m] Removed slice User Slice of vagrant.

Ubuntu 16.04.4 LTS ubuntu-xenial ttyS0

ubuntu-xenial login: 